# JRE version: Java(TM) SE Runtime Environment (8.0_191-b12) (build 1.8.0_191-b12)
# Java VM: Java HotSpot(TM) 64-Bit Server VM (25.191-b12 mixed mode windows-amd64 compressed oops)
Heap:
 PSYoungGen      total 75264K, used 68522K [0x00000000eb500000, 0x00000000f0d80000, 0x0000000100000000)
  eden space 68608K, 90% used [0x00000000eb500000,0x00000000ef16bbf0,0x00000000ef800000)
  from space 6656K, 99% used [0x00000000ef800000,0x00000000efe7ec30,0x00000000efe80000)
  to   space 8704K, 0% used [0x00000000f0500000,0x00000000f0500000,0x00000000f0d80000)
 ParOldGen       total 61440K, used 23836K [0x00000000c1e00000, 0x00000000c5a00000, 0x00000000eb500000)
  object space 61440K, 38% used [0x00000000c1e00000,0x00000000c35472f8,0x00000000c5a00000)
 Metaspace       used 43834K, capacity 44432K, committed 44800K, reserved 1089536K
  class space    used 5217K, capacity 5351K, committed 5376K, reserved 1048576K
GC Heap History (10 events):
Event: 22.628 GC heap before
{Heap before GC invocations=17 (full 1):
 PSYoungGen      total 50176K, used 46748K [0x00000000eb500000, 0x00000000efb00000, 0x0000000100000000)
  eden space 43008K, 100% used [0x00000000eb500000,0x00000000edf00000,0x00000000edf00000)
  from space 7168K, 52% used [0x00000000edf00000,0x00000000ee2a73a8,0x00000000ee600000)
  to   space 7168K, 0% used [0x00000000ef400000,0x00000000ef400000,0x00000000efb00000)
 ParOldGen       total 37376K, used 16643K [0x00000000c1e00000, 0x00000000c4280000, 0x00000000eb500000)
  object space 37376K, 44% used [0x00000000c1e00000,0x00000000c2e40c60,0x00000000c4280000)
 Metaspace       used 33268K, capacity 33688K, committed 33920K, reserved 1079296K
  class space    used 4061K, capacity 4171K, committed 4224K, reserved 1048576K
Event: 22.633 GC heap after
Heap after GC invocations=17 (full 1):
 PSYoungGen      total 64512K, used 916K [0x00000000eb500000, 0x00000000efc80000, 0x0000000100000000)
  eden space 57344K, 0% used [0x00000000eb500000,0x00000000eb500000,0x00000000eed00000)
  from space 7168K, 12% used [0x00000000ef400000,0x00000000ef4e51e8,0x00000000efb00000)
  to   space 7168K, 0% used [0x00000000eed00000,0x00000000eed00000,0x00000000ef400000)
 ParOldGen       total 37376K, used 18485K [0x00000000c1e00000, 0x00000000c4280000, 0x00000000eb500000)
  object space 37376K, 49% used [0x00000000c1e00000,0x00000000c300d730,0x00000000c4280000)
 Metaspace       used 33268K, capacity 33688K, committed 33920K, reserved 1079296K
  class space    used 4061K, capacity 4171K, committed 4224K, reserved 1048576K
}
Event: 24.053 GC heap before
{Heap before GC invocations=18 (full 1):
 PSYoungGen      total 64512K, used 56056K [0x00000000eb500000, 0x00000000efc80000, 0x0000000100000000)
  eden space 57344K, 96% used [0x00000000eb500000,0x00000000eead8e30,0x00000000eed00000)
  from space 7168K, 12% used [0x00000000ef400000,0x00000000ef4e51e8,0x00000000efb00000)
  to   space 7168K, 0% used [0x00000000eed00000,0x00000000eed00000,0x00000000ef400000)
 ParOldGen       total 37376K, used 18485K [0x00000000c1e00000, 0x00000000c4280000, 0x00000000eb500000)
  object space 37376K, 49% used [0x00000000c1e00000,0x00000000c300d730,0x00000000c4280000)
 Metaspace       used 34848K, capacity 35272K, committed 35456K, reserved 1081344K
  class space    used 4243K, capacity 4355K, committed 4480K, reserved 1048576K
Event: 24.061 GC heap after
Heap after GC invocations=18 (full 1):
 PSYoungGen      total 64512K, used 4068K [0x00000000eb500000, 0x00000000f0800000, 0x0000000100000000)
  eden space 57344K, 0% used [0x00000000eb500000,0x00000000eb500000,0x00000000eed00000)
  from space 7168K, 56% used [0x00000000eed00000,0x00000000ef0f92f0,0x00000000ef400000)
  to   space 7168K, 0% used [0x00000000f0100000,0x00000000f0100000,0x00000000f0800000)
 ParOldGen       total 37376K, used 18925K [0x00000000c1e00000, 0x00000000c4280000, 0x00000000eb500000)
  object space 37376K, 50% used [0x00000000c1e00000,0x00000000c307b730,0x00000000c4280000)
 Metaspace       used 34848K, capacity 35272K, committed 35456K, reserved 1081344K
  class space    used 4243K, capacity 4355K, committed 4480K, reserved 1048576K
}
Event: 24.061 GC heap before
{Heap before GC invocations=19 (full 2):
 PSYoungGen      total 64512K, used 4068K [0x00000000eb500000, 0x00000000f0800000, 0x0000000100000000)
  eden space 57344K, 0% used [0x00000000eb500000,0x00000000eb500000,0x00000000eed00000)
  from space 7168K, 56% used [0x00000000eed00000,0x00000000ef0f92f0,0x00000000ef400000)
  to   space 7168K, 0% used [0x00000000f0100000,0x00000000f0100000,0x00000000f0800000)
 ParOldGen       total 37376K, used 18925K [0x00000000c1e00000, 0x00000000c4280000, 0x00000000eb500000)
  object space 37376K, 50% used [0x00000000c1e00000,0x00000000c307b730,0x00000000c4280000)
 Metaspace       used 34848K, capacity 35272K, committed 35456K, reserved 1081344K
  class space    used 4243K, capacity 4355K, committed 4480K, reserved 1048576K
Event: 24.250 GC heap after
Heap after GC invocations=19 (full 2):
 PSYoungGen      total 64512K, used 0K [0x00000000eb500000, 0x00000000f0800000, 0x0000000100000000)
  eden space 57344K, 0% used [0x00000000eb500000,0x00000000eb500000,0x00000000eed00000)
  from space 7168K, 0% used [0x00000000eed00000,0x00000000eed00000,0x00000000ef400000)
  to   space 7168K, 0% used [0x00000000f0100000,0x00000000f0100000,0x00000000f0800000)
 ParOldGen       total 61440K, used 21602K [0x00000000c1e00000, 0x00000000c5a00000, 0x00000000eb500000)
  object space 61440K, 35% used [0x00000000c1e00000,0x00000000c3318b50,0x00000000c5a00000)
 Metaspace       used 34848K, capacity 35272K, committed 35456K, reserved 1081344K
  class space    used 4243K, capacity 4355K, committed 4480K, reserved 1048576K
}
Event: 27.525 GC heap before
{Heap before GC invocations=20 (full 2):
 PSYoungGen      total 64512K, used 57344K [0x00000000eb500000, 0x00000000f0800000, 0x0000000100000000)
  eden space 57344K, 100% used [0x00000000eb500000,0x00000000eed00000,0x00000000eed00000)
  from space 7168K, 0% used [0x00000000eed00000,0x00000000eed00000,0x00000000ef400000)
  to   space 7168K, 0% used [0x00000000f0100000,0x00000000f0100000,0x00000000f0800000)
 ParOldGen       total 61440K, used 21602K [0x00000000c1e00000, 0x00000000c5a00000, 0x00000000eb500000)
  object space 61440K, 35% used [0x00000000c1e00000,0x00000000c3318b50,0x00000000c5a00000)
 Metaspace       used 36210K, capacity 36742K, committed 36864K, reserved 1081344K
  class space    used 4430K, capacity 4568K, committed 4608K, reserved 1048576K
Event: 27.540 GC heap after
Heap after GC invocations=20 (full 2):
 PSYoungGen      total 69632K, used 3910K [0x00000000eb500000, 0x00000000f0500000, 0x0000000100000000)
  eden space 65536K, 0% used [0x00000000eb500000,0x00000000eb500000,0x00000000ef500000)
  from space 4096K, 95% used [0x00000000f0100000,0x00000000f04d1890,0x00000000f0500000)
  to   space 6656K, 0% used [0x00000000ef800000,0x00000000ef800000,0x00000000efe80000)
 ParOldGen       total 61440K, used 21610K [0x00000000c1e00000, 0x00000000c5a00000, 0x00000000eb500000)
  object space 61440K, 35% used [0x00000000c1e00000,0x00000000c331ab50,0x00000000c5a00000)
 Metaspace       used 36210K, capacity 36742K, committed 36864K, reserved 1081344K
  class space    used 4430K, capacity 4568K, committed 4608K, reserved 1048576K
}
Event: 50.460 GC heap before
{Heap before GC invocations=21 (full 2):
 PSYoungGen      total 69632K, used 69446K [0x00000000eb500000, 0x00000000f0500000, 0x0000000100000000)
  eden space 65536K, 100% used [0x00000000eb500000,0x00000000ef500000,0x00000000ef500000)
  from space 4096K, 95% used [0x00000000f0100000,0x00000000f04d1890,0x00000000f0500000)
  to   space 6656K, 0% used [0x00000000ef800000,0x00000000ef800000,0x00000000efe80000)
 ParOldGen       total 61440K, used 21610K [0x00000000c1e00000, 0x00000000c5a00000, 0x00000000eb500000)
  object space 61440K, 35% used [0x00000000c1e00000,0x00000000c331ab50,0x00000000c5a00000)
 Metaspace       used 41662K, capacity 42198K, committed 42368K, reserved 1087488K
  class space    used 5031K, capacity 5148K, committed 5248K, reserved 1048576K
Event: 50.472 GC heap after
Heap after GC invocations=21 (full 2):
 PSYoungGen      total 75264K, used 6651K [0x00000000eb500000, 0x00000000f0d80000, 0x0000000100000000)
  eden space 68608K, 0% used [0x00000000eb500000,0x00000000eb500000,0x00000000ef800000)
  from space 6656K, 99% used [0x00000000ef800000,0x00000000efe7ec30,0x00000000efe80000)
  to   space 8704K, 0% used [0x00000000f0500000,0x00000000f0500000,0x00000000f0d80000)
 ParOldGen       total 61440K, used 23836K [0x00000000c1e00000, 0x00000000c5a00000, 0x00000000eb500000)
  object space 61440K, 38% used [0x00000000c1e00000,0x00000000c35472f8,0x00000000c5a00000)
 Metaspace       used 41662K, capacity 42198K, committed 42368K, reserved 1087488K
  class space    used 5031K, capacity 5148K, committed 5248K, reserved 1048576K
}

