# JRE version: Java(TM) SE Runtime Environment (8.0_191-b12) (build 1.8.0_191-b12)
# Java VM: Java HotSpot(TM) 64-Bit Server VM (25.191-b12 mixed mode windows-amd64 compressed oops)
Heap:
 PSYoungGen      total 137216K, used 117591K [0x00000000eb500000, 0x00000000f6680000, 0x0000000100000000)
  eden space 126976K, 85% used [0x00000000eb500000,0x00000000f1f0d628,0x00000000f3100000)
  from space 10240K, 87% used [0x00000000f3100000,0x00000000f39c8810,0x00000000f3b00000)
  to   space 10752K, 0% used [0x00000000f5c00000,0x00000000f5c00000,0x00000000f6680000)
 ParOldGen       total 62464K, used 21616K [0x00000000c1e00000, 0x00000000c5b00000, 0x00000000eb500000)
  object space 62464K, 34% used [0x00000000c1e00000,0x00000000c331c278,0x00000000c5b00000)
 Metaspace       used 44016K, capacity 44540K, committed 44800K, reserved 1089536K
  class space    used 5211K, capacity 5321K, committed 5376K, reserved 1048576K
GC Heap History (10 events):
Event: 6.009 GC heap before
{Heap before GC invocations=9 (full 1):
 PSYoungGen      total 72704K, used 71531K [0x00000000eb500000, 0x00000000f2580000, 0x0000000100000000)
  eden space 65536K, 100% used [0x00000000eb500000,0x00000000ef500000,0x00000000ef500000)
  from space 7168K, 83% used [0x00000000ef500000,0x00000000efadaf48,0x00000000efc00000)
  to   space 7168K, 0% used [0x00000000f1e80000,0x00000000f1e80000,0x00000000f2580000)
 ParOldGen       total 39936K, used 10965K [0x00000000c1e00000, 0x00000000c4500000, 0x00000000eb500000)
  object space 39936K, 27% used [0x00000000c1e00000,0x00000000c28b5620,0x00000000c4500000)
 Metaspace       used 28610K, capacity 29024K, committed 29184K, reserved 1075200K
  class space    used 3453K, capacity 3559K, committed 3584K, reserved 1048576K
Event: 6.025 GC heap after
Heap after GC invocations=9 (full 1):
 PSYoungGen      total 105984K, used 7142K [0x00000000eb500000, 0x00000000f2680000, 0x0000000100000000)
  eden space 98816K, 0% used [0x00000000eb500000,0x00000000eb500000,0x00000000f1580000)
  from space 7168K, 99% used [0x00000000f1e80000,0x00000000f2579970,0x00000000f2580000)
  to   space 8704K, 0% used [0x00000000f1580000,0x00000000f1580000,0x00000000f1e00000)
 ParOldGen       total 39936K, used 12416K [0x00000000c1e00000, 0x00000000c4500000, 0x00000000eb500000)
  object space 39936K, 31% used [0x00000000c1e00000,0x00000000c2a203b8,0x00000000c4500000)
 Metaspace       used 28610K, capacity 29024K, committed 29184K, reserved 1075200K
  class space    used 3453K, capacity 3559K, committed 3584K, reserved 1048576K
}
Event: 7.335 GC heap before
{Heap before GC invocations=10 (full 1):
 PSYoungGen      total 105984K, used 105958K [0x00000000eb500000, 0x00000000f2680000, 0x0000000100000000)
  eden space 98816K, 100% used [0x00000000eb500000,0x00000000f1580000,0x00000000f1580000)
  from space 7168K, 99% used [0x00000000f1e80000,0x00000000f2579970,0x00000000f2580000)
  to   space 8704K, 0% used [0x00000000f1580000,0x00000000f1580000,0x00000000f1e00000)
 ParOldGen       total 39936K, used 12416K [0x00000000c1e00000, 0x00000000c4500000, 0x00000000eb500000)
  object space 39936K, 31% used [0x00000000c1e00000,0x00000000c2a203b8,0x00000000c4500000)
 Metaspace       used 33239K, capacity 33592K, committed 33920K, reserved 1079296K
  class space    used 4055K, capacity 4139K, committed 4224K, reserved 1048576K
Event: 7.347 GC heap after
Heap after GC invocations=10 (full 1):
 PSYoungGen      total 107520K, used 8701K [0x00000000eb500000, 0x00000000f4500000, 0x0000000100000000)
  eden space 98816K, 0% used [0x00000000eb500000,0x00000000eb500000,0x00000000f1580000)
  from space 8704K, 99% used [0x00000000f1580000,0x00000000f1dff590,0x00000000f1e00000)
  to   space 10240K, 0% used [0x00000000f3b00000,0x00000000f3b00000,0x00000000f4500000)
 ParOldGen       total 39936K, used 14670K [0x00000000c1e00000, 0x00000000c4500000, 0x00000000eb500000)
  object space 39936K, 36% used [0x00000000c1e00000,0x00000000c2c53b18,0x00000000c4500000)
 Metaspace       used 33239K, capacity 33592K, committed 33920K, reserved 1079296K
  class space    used 4055K, capacity 4139K, committed 4224K, reserved 1048576K
}
Event: 8.257 GC heap before
{Heap before GC invocations=11 (full 1):
 PSYoungGen      total 107520K, used 66810K [0x00000000eb500000, 0x00000000f4500000, 0x0000000100000000)
  eden space 98816K, 58% used [0x00000000eb500000,0x00000000eedbf580,0x00000000f1580000)
  from space 8704K, 99% used [0x00000000f1580000,0x00000000f1dff590,0x00000000f1e00000)
  to   space 10240K, 0% used [0x00000000f3b00000,0x00000000f3b00000,0x00000000f4500000)
 ParOldGen       total 39936K, used 14670K [0x00000000c1e00000, 0x00000000c4500000, 0x00000000eb500000)
  object space 39936K, 36% used [0x00000000c1e00000,0x00000000c2c53b18,0x00000000c4500000)
 Metaspace       used 34845K, capacity 35272K, committed 35456K, reserved 1081344K
  class space    used 4242K, capacity 4355K, committed 4480K, reserved 1048576K
Event: 8.278 GC heap after
Heap after GC invocations=11 (full 1):
 PSYoungGen      total 137216K, used 6699K [0x00000000eb500000, 0x00000000f4600000, 0x0000000100000000)
  eden space 126976K, 0% used [0x00000000eb500000,0x00000000eb500000,0x00000000f3100000)
  from space 10240K, 65% used [0x00000000f3b00000,0x00000000f418afe8,0x00000000f4500000)
  to   space 10240K, 0% used [0x00000000f3100000,0x00000000f3100000,0x00000000f3b00000)
 ParOldGen       total 39936K, used 20354K [0x00000000c1e00000, 0x00000000c4500000, 0x00000000eb500000)
  object space 39936K, 50% used [0x00000000c1e00000,0x00000000c31e0a58,0x00000000c4500000)
 Metaspace       used 34845K, capacity 35272K, committed 35456K, reserved 1081344K
  class space    used 4242K, capacity 4355K, committed 4480K, reserved 1048576K
}
Event: 8.278 GC heap before
{Heap before GC invocations=12 (full 2):
 PSYoungGen      total 137216K, used 6699K [0x00000000eb500000, 0x00000000f4600000, 0x0000000100000000)
  eden space 126976K, 0% used [0x00000000eb500000,0x00000000eb500000,0x00000000f3100000)
  from space 10240K, 65% used [0x00000000f3b00000,0x00000000f418afe8,0x00000000f4500000)
  to   space 10240K, 0% used [0x00000000f3100000,0x00000000f3100000,0x00000000f3b00000)
 ParOldGen       total 39936K, used 20354K [0x00000000c1e00000, 0x00000000c4500000, 0x00000000eb500000)
  object space 39936K, 50% used [0x00000000c1e00000,0x00000000c31e0a58,0x00000000c4500000)
 Metaspace       used 34845K, capacity 35272K, committed 35456K, reserved 1081344K
  class space    used 4242K, capacity 4355K, committed 4480K, reserved 1048576K
Event: 8.366 GC heap after
Heap after GC invocations=12 (full 2):
 PSYoungGen      total 137216K, used 0K [0x00000000eb500000, 0x00000000f4600000, 0x0000000100000000)
  eden space 126976K, 0% used [0x00000000eb500000,0x00000000eb500000,0x00000000f3100000)
  from space 10240K, 0% used [0x00000000f3b00000,0x00000000f3b00000,0x00000000f4500000)
  to   space 10240K, 0% used [0x00000000f3100000,0x00000000f3100000,0x00000000f3b00000)
 ParOldGen       total 62464K, used 21608K [0x00000000c1e00000, 0x00000000c5b00000, 0x00000000eb500000)
  object space 62464K, 34% used [0x00000000c1e00000,0x00000000c331a278,0x00000000c5b00000)
 Metaspace       used 34845K, capacity 35272K, committed 35456K, reserved 1081344K
  class space    used 4242K, capacity 4355K, committed 4480K, reserved 1048576K
}
Event: 42.988 GC heap before
{Heap before GC invocations=13 (full 2):
 PSYoungGen      total 137216K, used 126976K [0x00000000eb500000, 0x00000000f4600000, 0x0000000100000000)
  eden space 126976K, 100% used [0x00000000eb500000,0x00000000f3100000,0x00000000f3100000)
  from space 10240K, 0% used [0x00000000f3b00000,0x00000000f3b00000,0x00000000f4500000)
  to   space 10240K, 0% used [0x00000000f3100000,0x00000000f3100000,0x00000000f3b00000)
 ParOldGen       total 62464K, used 21608K [0x00000000c1e00000, 0x00000000c5b00000, 0x00000000eb500000)
  object space 62464K, 34% used [0x00000000c1e00000,0x00000000c331a278,0x00000000c5b00000)
 Metaspace       used 41212K, capacity 41750K, committed 41984K, reserved 1085440K
  class space    used 4958K, capacity 5084K, committed 5120K, reserved 1048576K
Event: 43.006 GC heap after
Heap after GC invocations=13 (full 2):
 PSYoungGen      total 137216K, used 8994K [0x00000000eb500000, 0x00000000f6680000, 0x0000000100000000)
  eden space 126976K, 0% used [0x00000000eb500000,0x00000000eb500000,0x00000000f3100000)
  from space 10240K, 87% used [0x00000000f3100000,0x00000000f39c8810,0x00000000f3b00000)
  to   space 10752K, 0% used [0x00000000f5c00000,0x00000000f5c00000,0x00000000f6680000)
 ParOldGen       total 62464K, used 21616K [0x00000000c1e00000, 0x00000000c5b00000, 0x00000000eb500000)
  object space 62464K, 34% used [0x00000000c1e00000,0x00000000c331c278,0x00000000c5b00000)
 Metaspace       used 41212K, capacity 41750K, committed 41984K, reserved 1085440K
  class space    used 4958K, capacity 5084K, committed 5120K, reserved 1048576K
}

