# JRE version: Java(TM) SE Runtime Environment (8.0_191-b12) (build 1.8.0_191-b12)
# Java VM: Java HotSpot(TM) 64-Bit Server VM (25.191-b12 mixed mode windows-amd64 compressed oops)
Heap:
 PSYoungGen      total 164352K, used 49839K [0x00000000eb500000, 0x00000000f6b00000, 0x0000000100000000)
  eden space 162816K, 29% used [0x00000000eb500000,0x00000000ee4a7ce0,0x00000000f5400000)
  from space 1536K, 67% used [0x00000000f5b00000,0x00000000f5c041a0,0x00000000f5c80000)
  to   space 11776K, 0% used [0x00000000f5f80000,0x00000000f5f80000,0x00000000f6b00000)
 ParOldGen       total 58880K, used 27976K [0x00000000c1e00000, 0x00000000c5780000, 0x00000000eb500000)
  object space 58880K, 47% used [0x00000000c1e00000,0x00000000c3952180,0x00000000c5780000)
 Metaspace       used 45534K, capacity 46120K, committed 46464K, reserved 1089536K
  class space    used 5289K, capacity 5419K, committed 5504K, reserved 1048576K
GC Heap History (10 events):
Event: 28.015 GC heap before
{Heap before GC invocations=11 (full 1):
 PSYoungGen      total 111104K, used 66136K [0x00000000eb500000, 0x00000000f4780000, 0x0000000100000000)
  eden space 102400K, 56% used [0x00000000eb500000,0x00000000eed16e20,0x00000000f1900000)
  from space 8704K, 99% used [0x00000000f1900000,0x00000000f217f580,0x00000000f2180000)
  to   space 10240K, 0% used [0x00000000f3d80000,0x00000000f3d80000,0x00000000f4780000)
 ParOldGen       total 38912K, used 14209K [0x00000000c1e00000, 0x00000000c4400000, 0x00000000eb500000)
  object space 38912K, 36% used [0x00000000c1e00000,0x00000000c2be0490,0x00000000c4400000)
 Metaspace       used 34876K, capacity 35304K, committed 35496K, reserved 1081344K
  class space    used 4239K, capacity 4323K, committed 4352K, reserved 1048576K
Event: 28.048 GC heap after
Heap after GC invocations=11 (full 1):
 PSYoungGen      total 139776K, used 6753K [0x00000000eb500000, 0x00000000f4e00000, 0x0000000100000000)
  eden space 129536K, 0% used [0x00000000eb500000,0x00000000eb500000,0x00000000f3380000)
  from space 10240K, 65% used [0x00000000f3d80000,0x00000000f4418468,0x00000000f4780000)
  to   space 10240K, 0% used [0x00000000f3380000,0x00000000f3380000,0x00000000f3d80000)
 ParOldGen       total 38912K, used 19884K [0x00000000c1e00000, 0x00000000c4400000, 0x00000000eb500000)
  object space 38912K, 51% used [0x00000000c1e00000,0x00000000c316b3d0,0x00000000c4400000)
 Metaspace       used 34876K, capacity 35304K, committed 35496K, reserved 1081344K
  class space    used 4239K, capacity 4323K, committed 4352K, reserved 1048576K
}
Event: 28.048 GC heap before
{Heap before GC invocations=12 (full 2):
 PSYoungGen      total 139776K, used 6753K [0x00000000eb500000, 0x00000000f4e00000, 0x0000000100000000)
  eden space 129536K, 0% used [0x00000000eb500000,0x00000000eb500000,0x00000000f3380000)
  from space 10240K, 65% used [0x00000000f3d80000,0x00000000f4418468,0x00000000f4780000)
  to   space 10240K, 0% used [0x00000000f3380000,0x00000000f3380000,0x00000000f3d80000)
 ParOldGen       total 38912K, used 19884K [0x00000000c1e00000, 0x00000000c4400000, 0x00000000eb500000)
  object space 38912K, 51% used [0x00000000c1e00000,0x00000000c316b3d0,0x00000000c4400000)
 Metaspace       used 34876K, capacity 35304K, committed 35496K, reserved 1081344K
  class space    used 4239K, capacity 4323K, committed 4352K, reserved 1048576K
Event: 28.157 GC heap after
Heap after GC invocations=12 (full 2):
 PSYoungGen      total 139776K, used 0K [0x00000000eb500000, 0x00000000f4e00000, 0x0000000100000000)
  eden space 129536K, 0% used [0x00000000eb500000,0x00000000eb500000,0x00000000f3380000)
  from space 10240K, 0% used [0x00000000f3d80000,0x00000000f3d80000,0x00000000f4780000)
  to   space 10240K, 0% used [0x00000000f3380000,0x00000000f3380000,0x00000000f3d80000)
 ParOldGen       total 58880K, used 21859K [0x00000000c1e00000, 0x00000000c5780000, 0x00000000eb500000)
  object space 58880K, 37% used [0x00000000c1e00000,0x00000000c3358fd0,0x00000000c5780000)
 Metaspace       used 34876K, capacity 35304K, committed 35496K, reserved 1081344K
  class space    used 4239K, capacity 4323K, committed 4352K, reserved 1048576K
}
Event: 50.403 GC heap before
{Heap before GC invocations=13 (full 2):
 PSYoungGen      total 139776K, used 129536K [0x00000000eb500000, 0x00000000f4e00000, 0x0000000100000000)
  eden space 129536K, 100% used [0x00000000eb500000,0x00000000f3380000,0x00000000f3380000)
  from space 10240K, 0% used [0x00000000f3d80000,0x00000000f3d80000,0x00000000f4780000)
  to   space 10240K, 0% used [0x00000000f3380000,0x00000000f3380000,0x00000000f3d80000)
 ParOldGen       total 58880K, used 21859K [0x00000000c1e00000, 0x00000000c5780000, 0x00000000eb500000)
  object space 58880K, 37% used [0x00000000c1e00000,0x00000000c3358fd0,0x00000000c5780000)
 Metaspace       used 41230K, capacity 41750K, committed 41984K, reserved 1085440K
  class space    used 4968K, capacity 5084K, committed 5120K, reserved 1048576K
Event: 50.423 GC heap after
Heap after GC invocations=13 (full 2):
 PSYoungGen      total 139776K, used 9186K [0x00000000eb500000, 0x00000000f7500000, 0x0000000100000000)
  eden space 129536K, 0% used [0x00000000eb500000,0x00000000eb500000,0x00000000f3380000)
  from space 10240K, 89% used [0x00000000f3380000,0x00000000f3c78888,0x00000000f3d80000)
  to   space 10752K, 0% used [0x00000000f6a80000,0x00000000f6a80000,0x00000000f7500000)
 ParOldGen       total 58880K, used 21867K [0x00000000c1e00000, 0x00000000c5780000, 0x00000000eb500000)
  object space 58880K, 37% used [0x00000000c1e00000,0x00000000c335afd0,0x00000000c5780000)
 Metaspace       used 41230K, capacity 41750K, committed 41984K, reserved 1085440K
  class space    used 4968K, capacity 5084K, committed 5120K, reserved 1048576K
}
Event: 1920.918 GC heap before
{Heap before GC invocations=14 (full 2):
 PSYoungGen      total 139776K, used 138722K [0x00000000eb500000, 0x00000000f7500000, 0x0000000100000000)
  eden space 129536K, 100% used [0x00000000eb500000,0x00000000f3380000,0x00000000f3380000)
  from space 10240K, 89% used [0x00000000f3380000,0x00000000f3c78888,0x00000000f3d80000)
  to   space 10752K, 0% used [0x00000000f6a80000,0x00000000f6a80000,0x00000000f7500000)
 ParOldGen       total 58880K, used 21867K [0x00000000c1e00000, 0x00000000c5780000, 0x00000000eb500000)
  object space 58880K, 37% used [0x00000000c1e00000,0x00000000c335afd0,0x00000000c5780000)
 Metaspace       used 44332K, capacity 44904K, committed 45056K, reserved 1089536K
  class space    used 5221K, capacity 5355K, committed 5376K, reserved 1048576K
Event: 1921.720 GC heap after
Heap after GC invocations=14 (full 2):
 PSYoungGen      total 176640K, used 1674K [0x00000000eb500000, 0x00000000f7100000, 0x0000000100000000)
  eden space 169984K, 0% used [0x00000000eb500000,0x00000000eb500000,0x00000000f5b00000)
  from space 6656K, 25% used [0x00000000f6a80000,0x00000000f6c22880,0x00000000f7100000)
  to   space 11264K, 0% used [0x00000000f5b00000,0x00000000f5b00000,0x00000000f6600000)
 ParOldGen       total 58880K, used 27377K [0x00000000c1e00000, 0x00000000c5780000, 0x00000000eb500000)
  object space 58880K, 46% used [0x00000000c1e00000,0x00000000c38bc4f0,0x00000000c5780000)
 Metaspace       used 44332K, capacity 44904K, committed 45056K, reserved 1089536K
  class space    used 5221K, capacity 5355K, committed 5376K, reserved 1048576K
}
Event: 3742.355 GC heap before
{Heap before GC invocations=15 (full 2):
 PSYoungGen      total 176640K, used 171658K [0x00000000eb500000, 0x00000000f7100000, 0x0000000100000000)
  eden space 169984K, 100% used [0x00000000eb500000,0x00000000f5b00000,0x00000000f5b00000)
  from space 6656K, 25% used [0x00000000f6a80000,0x00000000f6c22880,0x00000000f7100000)
  to   space 11264K, 0% used [0x00000000f5b00000,0x00000000f5b00000,0x00000000f6600000)
 ParOldGen       total 58880K, used 27377K [0x00000000c1e00000, 0x00000000c5780000, 0x00000000eb500000)
  object space 58880K, 46% used [0x00000000c1e00000,0x00000000c38bc4f0,0x00000000c5780000)
 Metaspace       used 45438K, capacity 45992K, committed 46208K, reserved 1089536K
  class space    used 5289K, capacity 5419K, committed 5504K, reserved 1048576K
Event: 3742.421 GC heap after
Heap after GC invocations=15 (full 2):
 PSYoungGen      total 164352K, used 1040K [0x00000000eb500000, 0x00000000f6b00000, 0x0000000100000000)
  eden space 162816K, 0% used [0x00000000eb500000,0x00000000eb500000,0x00000000f5400000)
  from space 1536K, 67% used [0x00000000f5b00000,0x00000000f5c041a0,0x00000000f5c80000)
  to   space 11776K, 0% used [0x00000000f5f80000,0x00000000f5f80000,0x00000000f6b00000)
 ParOldGen       total 58880K, used 27976K [0x00000000c1e00000, 0x00000000c5780000, 0x00000000eb500000)
  object space 58880K, 47% used [0x00000000c1e00000,0x00000000c3952180,0x00000000c5780000)
 Metaspace       used 45438K, capacity 45992K, committed 46208K, reserved 1089536K
  class space    used 5289K, capacity 5419K, committed 5504K, reserved 1048576K
}

