# JRE version: Java(TM) SE Runtime Environment (8.0_191-b12) (build 1.8.0_191-b12)
# Java VM: Java HotSpot(TM) 64-Bit Server VM (25.191-b12 mixed mode windows-amd64 compressed oops)
Heap:
 PSYoungGen      total 127488K, used 85325K [0x00000000eb500000, 0x00000000f5780000, 0x0000000100000000)
  eden space 116224K, 67% used [0x00000000eb500000,0x00000000f02076f8,0x00000000f2680000)
  from space 11264K, 57% used [0x00000000f2680000,0x00000000f2ccbe80,0x00000000f3180000)
  to   space 10752K, 0% used [0x00000000f4d00000,0x00000000f4d00000,0x00000000f5780000)
 ParOldGen       total 63488K, used 22024K [0x00000000c1e00000, 0x00000000c5c00000, 0x00000000eb500000)
  object space 63488K, 34% used [0x00000000c1e00000,0x00000000c3382248,0x00000000c5c00000)
 Metaspace       used 43543K, capacity 44138K, committed 44288K, reserved 1087488K
  class space    used 5180K, capacity 5318K, committed 5376K, reserved 1048576K
GC Heap History (10 events):
Event: 9.488 GC heap before
{Heap before GC invocations=9 (full 1):
 PSYoungGen      total 72704K, used 71633K [0x00000000eb500000, 0x00000000f2380000, 0x0000000100000000)
  eden space 65536K, 100% used [0x00000000eb500000,0x00000000ef500000,0x00000000ef500000)
  from space 7168K, 85% used [0x00000000ef500000,0x00000000efaf4518,0x00000000efc00000)
  to   space 7680K, 0% used [0x00000000f1c00000,0x00000000f1c00000,0x00000000f2380000)
 ParOldGen       total 40960K, used 12424K [0x00000000c1e00000, 0x00000000c4600000, 0x00000000eb500000)
  object space 40960K, 30% used [0x00000000c1e00000,0x00000000c2a222c0,0x00000000c4600000)
 Metaspace       used 28646K, capacity 29024K, committed 29184K, reserved 1075200K
  class space    used 3453K, capacity 3559K, committed 3584K, reserved 1048576K
Event: 9.508 GC heap after
Heap after GC invocations=9 (full 1):
 PSYoungGen      total 101888K, used 7667K [0x00000000eb500000, 0x00000000f2380000, 0x0000000100000000)
  eden space 94208K, 0% used [0x00000000eb500000,0x00000000eb500000,0x00000000f1100000)
  from space 7680K, 99% used [0x00000000f1c00000,0x00000000f237cfa0,0x00000000f2380000)
  to   space 8704K, 0% used [0x00000000f1280000,0x00000000f1280000,0x00000000f1b00000)
 ParOldGen       total 40960K, used 13426K [0x00000000c1e00000, 0x00000000c4600000, 0x00000000eb500000)
  object space 40960K, 32% used [0x00000000c1e00000,0x00000000c2b1cbb8,0x00000000c4600000)
 Metaspace       used 28646K, capacity 29024K, committed 29184K, reserved 1075200K
  class space    used 3453K, capacity 3559K, committed 3584K, reserved 1048576K
}
Event: 11.636 GC heap before
{Heap before GC invocations=10 (full 1):
 PSYoungGen      total 101888K, used 101875K [0x00000000eb500000, 0x00000000f2380000, 0x0000000100000000)
  eden space 94208K, 100% used [0x00000000eb500000,0x00000000f1100000,0x00000000f1100000)
  from space 7680K, 99% used [0x00000000f1c00000,0x00000000f237cfa0,0x00000000f2380000)
  to   space 8704K, 0% used [0x00000000f1280000,0x00000000f1280000,0x00000000f1b00000)
 ParOldGen       total 40960K, used 13426K [0x00000000c1e00000, 0x00000000c4600000, 0x00000000eb500000)
  object space 40960K, 32% used [0x00000000c1e00000,0x00000000c2b1cbb8,0x00000000c4600000)
 Metaspace       used 32873K, capacity 33240K, committed 33664K, reserved 1079296K
  class space    used 3999K, capacity 4107K, committed 4224K, reserved 1048576K
Event: 11.653 GC heap after
Heap after GC invocations=10 (full 1):
 PSYoungGen      total 104448K, used 8675K [0x00000000eb500000, 0x00000000f3b80000, 0x0000000100000000)
  eden space 95744K, 0% used [0x00000000eb500000,0x00000000eb500000,0x00000000f1280000)
  from space 8704K, 99% used [0x00000000f1280000,0x00000000f1af8ef0,0x00000000f1b00000)
  to   space 10240K, 0% used [0x00000000f3180000,0x00000000f3180000,0x00000000f3b80000)
 ParOldGen       total 40960K, used 15224K [0x00000000c1e00000, 0x00000000c4600000, 0x00000000eb500000)
  object space 40960K, 37% used [0x00000000c1e00000,0x00000000c2cde340,0x00000000c4600000)
 Metaspace       used 32873K, capacity 33240K, committed 33664K, reserved 1079296K
  class space    used 3999K, capacity 4107K, committed 4224K, reserved 1048576K
}
Event: 13.172 GC heap before
{Heap before GC invocations=11 (full 1):
 PSYoungGen      total 104448K, used 71186K [0x00000000eb500000, 0x00000000f3b80000, 0x0000000100000000)
  eden space 95744K, 65% used [0x00000000eb500000,0x00000000ef20bb60,0x00000000f1280000)
  from space 8704K, 99% used [0x00000000f1280000,0x00000000f1af8ef0,0x00000000f1b00000)
  to   space 10240K, 0% used [0x00000000f3180000,0x00000000f3180000,0x00000000f3b80000)
 ParOldGen       total 40960K, used 15224K [0x00000000c1e00000, 0x00000000c4600000, 0x00000000eb500000)
  object space 40960K, 37% used [0x00000000c1e00000,0x00000000c2cde340,0x00000000c4600000)
 Metaspace       used 34847K, capacity 35272K, committed 35456K, reserved 1081344K
  class space    used 4241K, capacity 4355K, committed 4480K, reserved 1048576K
Event: 13.196 GC heap after
Heap after GC invocations=11 (full 1):
 PSYoungGen      total 126464K, used 9888K [0x00000000eb500000, 0x00000000f3f80000, 0x0000000100000000)
  eden space 116224K, 0% used [0x00000000eb500000,0x00000000eb500000,0x00000000f2680000)
  from space 10240K, 96% used [0x00000000f3180000,0x00000000f3b28060,0x00000000f3b80000)
  to   space 11264K, 0% used [0x00000000f2680000,0x00000000f2680000,0x00000000f3180000)
 ParOldGen       total 40960K, used 18028K [0x00000000c1e00000, 0x00000000c4600000, 0x00000000eb500000)
  object space 40960K, 44% used [0x00000000c1e00000,0x00000000c2f9b370,0x00000000c4600000)
 Metaspace       used 34847K, capacity 35272K, committed 35456K, reserved 1081344K
  class space    used 4241K, capacity 4355K, committed 4480K, reserved 1048576K
}
Event: 13.197 GC heap before
{Heap before GC invocations=12 (full 2):
 PSYoungGen      total 126464K, used 9888K [0x00000000eb500000, 0x00000000f3f80000, 0x0000000100000000)
  eden space 116224K, 0% used [0x00000000eb500000,0x00000000eb500000,0x00000000f2680000)
  from space 10240K, 96% used [0x00000000f3180000,0x00000000f3b28060,0x00000000f3b80000)
  to   space 11264K, 0% used [0x00000000f2680000,0x00000000f2680000,0x00000000f3180000)
 ParOldGen       total 40960K, used 18028K [0x00000000c1e00000, 0x00000000c4600000, 0x00000000eb500000)
  object space 40960K, 44% used [0x00000000c1e00000,0x00000000c2f9b370,0x00000000c4600000)
 Metaspace       used 34847K, capacity 35272K, committed 35456K, reserved 1081344K
  class space    used 4241K, capacity 4355K, committed 4480K, reserved 1048576K
Event: 13.308 GC heap after
Heap after GC invocations=12 (full 2):
 PSYoungGen      total 126464K, used 0K [0x00000000eb500000, 0x00000000f3f80000, 0x0000000100000000)
  eden space 116224K, 0% used [0x00000000eb500000,0x00000000eb500000,0x00000000f2680000)
  from space 10240K, 0% used [0x00000000f3180000,0x00000000f3180000,0x00000000f3b80000)
  to   space 11264K, 0% used [0x00000000f2680000,0x00000000f2680000,0x00000000f3180000)
 ParOldGen       total 63488K, used 22016K [0x00000000c1e00000, 0x00000000c5c00000, 0x00000000eb500000)
  object space 63488K, 34% used [0x00000000c1e00000,0x00000000c3380248,0x00000000c5c00000)
 Metaspace       used 34847K, capacity 35272K, committed 35456K, reserved 1081344K
  class space    used 4241K, capacity 4355K, committed 4480K, reserved 1048576K
}
Event: 116.375 GC heap before
{Heap before GC invocations=13 (full 2):
 PSYoungGen      total 126464K, used 116224K [0x00000000eb500000, 0x00000000f3f80000, 0x0000000100000000)
  eden space 116224K, 100% used [0x00000000eb500000,0x00000000f2680000,0x00000000f2680000)
  from space 10240K, 0% used [0x00000000f3180000,0x00000000f3180000,0x00000000f3b80000)
  to   space 11264K, 0% used [0x00000000f2680000,0x00000000f2680000,0x00000000f3180000)
 ParOldGen       total 63488K, used 22016K [0x00000000c1e00000, 0x00000000c5c00000, 0x00000000eb500000)
  object space 63488K, 34% used [0x00000000c1e00000,0x00000000c3380248,0x00000000c5c00000)
 Metaspace       used 38576K, capacity 39088K, committed 39424K, reserved 1083392K
  class space    used 4678K, capacity 4795K, committed 4864K, reserved 1048576K
Event: 116.399 GC heap after
Heap after GC invocations=13 (full 2):
 PSYoungGen      total 127488K, used 6447K [0x00000000eb500000, 0x00000000f5780000, 0x0000000100000000)
  eden space 116224K, 0% used [0x00000000eb500000,0x00000000eb500000,0x00000000f2680000)
  from space 11264K, 57% used [0x00000000f2680000,0x00000000f2ccbe80,0x00000000f3180000)
  to   space 10752K, 0% used [0x00000000f4d00000,0x00000000f4d00000,0x00000000f5780000)
 ParOldGen       total 63488K, used 22024K [0x00000000c1e00000, 0x00000000c5c00000, 0x00000000eb500000)
  object space 63488K, 34% used [0x00000000c1e00000,0x00000000c3382248,0x00000000c5c00000)
 Metaspace       used 38576K, capacity 39088K, committed 39424K, reserved 1083392K
  class space    used 4678K, capacity 4795K, committed 4864K, reserved 1048576K
}

